<?xml version="1.0" encoding="UTF-8"?>
<coverage generated="1784882903260" clover="3.2.0">
  <project timestamp="1784882903260" name="All files">
    <metrics statements="52" coveredstatements="51" conditionals="25" coveredconditionals="23" methods="12" coveredmethods="12" elements="89" coveredelements="86" complexity="0" loc="52" ncloc="52" packages="1" files="2" classes="2"/>
    <file name="assainissement.ts" path="/app/src/api/message/services/assainissement.ts">
      <metrics statements="27" coveredstatements="26" conditionals="14" coveredconditionals="13" methods="4" coveredmethods="4"/>
      <line num="13" count="1" type="stmt"/>
      <line num="20" count="1" type="stmt"/>
      <line num="25" count="1" type="stmt"/>
      <line num="44" count="1" type="stmt"/>
      <line num="45" count="89" type="cond" truecount="2" falsecount="0"/>
      <line num="56" count="1" type="stmt"/>
      <line num="57" count="42" type="stmt"/>
      <line num="70" count="1" type="stmt"/>
      <line num="71" count="13" type="stmt"/>
      <line num="73" count="13" type="stmt"/>
      <line num="74" count="13" type="stmt"/>
      <line num="75" count="13" type="stmt"/>
      <line num="77" count="13" type="cond" truecount="2" falsecount="0"/>
      <line num="78" count="3" type="stmt"/>
      <line num="79" count="10" type="cond" truecount="2" falsecount="0"/>
      <line num="80" count="1" type="stmt"/>
      <line num="83" count="13" type="cond" truecount="2" falsecount="0"/>
      <line num="84" count="3" type="stmt"/>
      <line num="85" count="10" type="cond" truecount="1" falsecount="1"/>
      <line num="86" count="0" type="stmt"/>
      <line num="89" count="13" type="cond" truecount="2" falsecount="0"/>
      <line num="90" count="2" type="stmt"/>
      <line num="91" count="11" type="cond" truecount="2" falsecount="0"/>
      <line num="92" count="3" type="stmt"/>
      <line num="95" count="13" type="stmt"/>
      <line num="109" count="1" type="stmt"/>
      <line num="110" count="4" type="stmt"/>
    </file>
    <file name="limiteur.ts" path="/app/src/api/message/services/limiteur.ts">
      <metrics statements="25" coveredstatements="25" conditionals="11" coveredconditionals="10" methods="8" coveredmethods="8"/>
      <line num="22" count="1" type="stmt"/>
      <line num="30" count="1" type="stmt"/>
      <line num="48" count="1" type="stmt"/>
      <line num="49" count="15" type="stmt"/>
      <line num="52" count="15" type="cond" truecount="1" falsecount="0"/>
      <line num="53" count="15" type="cond" truecount="1" falsecount="0"/>
      <line num="58" count="107" type="stmt"/>
      <line num="59" count="107" type="cond" truecount="2" falsecount="0"/>
      <line num="60" count="107" type="stmt"/>
      <line num="61" count="127" type="stmt"/>
      <line num="62" count="516" type="stmt"/>
      <line num="64" count="107" type="stmt"/>
      <line num="65" count="107" type="stmt"/>
      <line num="73" count="42" type="stmt"/>
      <line num="74" count="42" type="cond" truecount="2" falsecount="0"/>
      <line num="75" count="1" type="stmt"/>
      <line num="77" count="41" type="stmt"/>
      <line num="78" count="41" type="stmt"/>
      <line num="86" count="29" type="stmt"/>
      <line num="87" count="29" type="cond" truecount="2" falsecount="0"/>
      <line num="88" count="7" type="stmt"/>
      <line num="90" count="22" type="stmt"/>
      <line num="95" count="36" type="stmt"/>
      <line num="100" count="1" type="stmt"/>
      <line num="105" count="1" type="stmt"/>
    </file>
  </project>
</coverage>
