{"/app/src/api/message/services/assainissement.ts": {"path":"/app/src/api/message/services/assainissement.ts","statementMap":{"0":{"start":{"line":44,"column":0},"end":{"line":44,"column":16}},"1":{"start":{"line":56,"column":0},"end":{"line":56,"column":16}},"2":{"start":{"line":70,"column":0},"end":{"line":70,"column":16}},"3":{"start":{"line":109,"column":0},"end":{"line":109,"column":16}},"4":{"start":{"line":13,"column":13},"end":{"line":17,"column":11}},"5":{"start":{"line":20,"column":13},"end":{"line":23,"column":11}},"6":{"start":{"line":25,"column":13},"end":{"line":25,"column":56}},"7":{"start":{"line":45,"column":2},"end":{"line":45,"column":37}},"8":{"start":{"line":57,"column":2},"end":{"line":59,"column":19}},"9":{"start":{"line":71,"column":42},"end":{"line":71,"column":44}},"10":{"start":{"line":73,"column":18},"end":{"line":73,"column":40}},"11":{"start":{"line":74,"column":20},"end":{"line":74,"column":57}},"12":{"start":{"line":75,"column":20},"end":{"line":75,"column":42}},"13":{"start":{"line":77,"column":2},"end":{"line":81,"column":3}},"14":{"start":{"line":78,"column":4},"end":{"line":78,"column":79}},"15":{"start":{"line":79,"column":9},"end":{"line":81,"column":3}},"16":{"start":{"line":80,"column":4},"end":{"line":80,"column":77}},"17":{"start":{"line":83,"column":2},"end":{"line":87,"column":3}},"18":{"start":{"line":84,"column":4},"end":{"line":84,"column":47}},"19":{"start":{"line":85,"column":9},"end":{"line":87,"column":3}},"20":{"start":{"line":86,"column":4},"end":{"line":86,"column":82}},"21":{"start":{"line":89,"column":2},"end":{"line":93,"column":3}},"22":{"start":{"line":90,"column":4},"end":{"line":90,"column":83}},"23":{"start":{"line":91,"column":9},"end":{"line":93,"column":3}},"24":{"start":{"line":92,"column":4},"end":{"line":92,"column":81}},"25":{"start":{"line":95,"column":2},"end":{"line":102,"column":4}},"26":{"start":{"line":110,"column":2},"end":{"line":110,"column":46}}},"fnMap":{"0":{"name":"normaliser","decl":{"start":{"line":44,"column":16},"end":{"line":44,"column":26}},"loc":{"start":{"line":44,"column":42},"end":{"line":46,"column":1}}},"1":{"name":"assainir","decl":{"start":{"line":56,"column":16},"end":{"line":56,"column":24}},"loc":{"start":{"line":56,"column":53},"end":{"line":60,"column":1}}},"2":{"name":"validerMessage","decl":{"start":{"line":70,"column":16},"end":{"line":70,"column":30}},"loc":{"start":{"line":70,"column":61},"end":{"line":103,"column":1}}},"3":{"name":"estRobot","decl":{"start":{"line":109,"column":16},"end":{"line":109,"column":24}},"loc":{"start":{"line":109,"column":55},"end":{"line":111,"column":1}}}},"branchMap":{"0":{"loc":{"start":{"line":45,"column":16},"end":{"line":45,"column":28}},"type":"binary-expr","locations":[{"start":{"line":45,"column":16},"end":{"line":45,"column":22}},{"start":{"line":45,"column":26},"end":{"line":45,"column":28}}]},"1":{"loc":{"start":{"line":77,"column":2},"end":{"line":81,"column":3}},"type":"if","locations":[{"start":{"line":77,"column":2},"end":{"line":81,"column":3}},{"start":{"line":79,"column":9},"end":{"line":81,"column":3}}]},"2":{"loc":{"start":{"line":79,"column":9},"end":{"line":81,"column":3}},"type":"if","locations":[{"start":{"line":79,"column":9},"end":{"line":81,"column":3}},{"start":{},"end":{}}]},"3":{"loc":{"start":{"line":83,"column":2},"end":{"line":87,"column":3}},"type":"if","locations":[{"start":{"line":83,"column":2},"end":{"line":87,"column":3}},{"start":{"line":85,"column":9},"end":{"line":87,"column":3}}]},"4":{"loc":{"start":{"line":85,"column":9},"end":{"line":87,"column":3}},"type":"if","locations":[{"start":{"line":85,"column":9},"end":{"line":87,"column":3}},{"start":{},"end":{}}]},"5":{"loc":{"start":{"line":89,"column":2},"end":{"line":93,"column":3}},"type":"if","locations":[{"start":{"line":89,"column":2},"end":{"line":93,"column":3}},{"start":{"line":91,"column":9},"end":{"line":93,"column":3}}]},"6":{"loc":{"start":{"line":91,"column":9},"end":{"line":93,"column":3}},"type":"if","locations":[{"start":{"line":91,"column":9},"end":{"line":93,"column":3}},{"start":{},"end":{}}]}},"s":{"0":1,"1":1,"2":1,"3":1,"4":1,"5":1,"6":1,"7":89,"8":42,"9":13,"10":13,"11":13,"12":13,"13":13,"14":3,"15":10,"16":1,"17":13,"18":3,"19":10,"20":0,"21":13,"22":2,"23":11,"24":3,"25":13,"26":4},"f":{"0":89,"1":42,"2":13,"3":4},"b":{"0":[89,6],"1":[3,10],"2":[1,9],"3":[3,10],"4":[0,10],"5":[2,11],"6":[3,8]}}
,"/app/src/api/message/services/limiteur.ts": {"path":"/app/src/api/message/services/limiteur.ts","statementMap":{"0":{"start":{"line":22,"column":13},"end":{"line":27,"column":11}},"1":{"start":{"line":30,"column":13},"end":{"line":30,"column":41}},"2":{"start":{"line":52,"column":21},"end":{"line":52,"column":71}},"3":{"start":{"line":53,"column":21},"end":{"line":53,"column":41}},"4":{"start":{"line":49,"column":19},"end":{"line":49,"column":56}},"5":{"start":{"line":58,"column":19},"end":{"line":58,"column":46}},"6":{"start":{"line":59,"column":20},"end":{"line":59,"column":73}},"7":{"start":{"line":60,"column":30},"end":{"line":63,"column":6}},"8":{"start":{"line":61,"column":49},"end":{"line":61,"column":59}},"9":{"start":{"line":62,"column":47},"end":{"line":62,"column":57}},"10":{"start":{"line":64,"column":4},"end":{"line":64,"column":31}},"11":{"start":{"line":65,"column":4},"end":{"line":65,"column":18}},"12":{"start":{"line":73,"column":14},"end":{"line":73,"column":44}},"13":{"start":{"line":74,"column":4},"end":{"line":76,"column":5}},"14":{"start":{"line":75,"column":6},"end":{"line":75,"column":52}},"15":{"start":{"line":77,"column":4},"end":{"line":77,"column":32}},"16":{"start":{"line":78,"column":4},"end":{"line":78,"column":30}},"17":{"start":{"line":86,"column":14},"end":{"line":86,"column":44}},"18":{"start":{"line":87,"column":4},"end":{"line":89,"column":5}},"19":{"start":{"line":88,"column":6},"end":{"line":88,"column":53}},"20":{"start":{"line":90,"column":4},"end":{"line":90,"column":30}},"21":{"start":{"line":95,"column":4},"end":{"line":95,"column":62}},"22":{"start":{"line":100,"column":4},"end":{"line":100,"column":23}},"23":{"start":{"line":48,"column":0},"end":{"line":48,"column":13}},"24":{"start":{"line":105,"column":13},"end":{"line":105,"column":39}}},"fnMap":{"0":{"name":"(anonymous_0)","decl":{"start":{"line":51,"column":2},"end":{"line":51,"column":null}},"loc":{"start":{"line":53,"column":51},"end":{"line":54,"column":6}}},"1":{"name":"(anonymous_1)","decl":{"start":{"line":57,"column":10},"end":{"line":57,"column":19}},"loc":{"start":{"line":57,"column":50},"end":{"line":66,"column":3}}},"2":{"name":"(anonymous_2)","decl":{"start":{"line":61,"column":42},"end":{"line":61,"column":43}},"loc":{"start":{"line":61,"column":49},"end":{"line":61,"column":59}}},"3":{"name":"(anonymous_3)","decl":{"start":{"line":62,"column":40},"end":{"line":62,"column":41}},"loc":{"start":{"line":62,"column":47},"end":{"line":62,"column":57}}},"4":{"name":"(anonymous_4)","decl":{"start":{"line":72,"column":2},"end":{"line":72,"column":20}},"loc":{"start":{"line":72,"column":64},"end":{"line":79,"column":3}}},"5":{"name":"(anonymous_5)","decl":{"start":{"line":85,"column":2},"end":{"line":85,"column":12}},"loc":{"start":{"line":85,"column":56},"end":{"line":91,"column":3}}},"6":{"name":"(anonymous_6)","decl":{"start":{"line":94,"column":2},"end":{"line":94,"column":21}},"loc":{"start":{"line":94,"column":65},"end":{"line":96,"column":3}}},"7":{"name":"(anonymous_7)","decl":{"start":{"line":99,"column":2},"end":{"line":99,"column":15}},"loc":{"start":{"line":99,"column":15},"end":{"line":101,"column":3}}}},"branchMap":{"0":{"loc":{"start":{"line":52,"column":21},"end":{"line":52,"column":77}},"type":"default-arg","locations":[{"start":{"line":52,"column":71},"end":{"line":52,"column":77}}]},"1":{"loc":{"start":{"line":53,"column":21},"end":{"line":53,"column":51}},"type":"default-arg","locations":[{"start":{"line":53,"column":41},"end":{"line":53,"column":51}}]},"2":{"loc":{"start":{"line":59,"column":20},"end":{"line":59,"column":73}},"type":"binary-expr","locations":[{"start":{"line":59,"column":20},"end":{"line":59,"column":38}},{"start":{"line":59,"column":42},"end":{"line":59,"column":73}}]},"3":{"loc":{"start":{"line":72,"column":33},"end":{"line":72,"column":64}},"type":"default-arg","locations":[{"start":{"line":72,"column":54},"end":{"line":72,"column":64}}]},"4":{"loc":{"start":{"line":74,"column":4},"end":{"line":76,"column":5}},"type":"if","locations":[{"start":{"line":74,"column":4},"end":{"line":76,"column":5}},{"start":{},"end":{}}]},"5":{"loc":{"start":{"line":85,"column":25},"end":{"line":85,"column":56}},"type":"default-arg","locations":[{"start":{"line":85,"column":46},"end":{"line":85,"column":56}}]},"6":{"loc":{"start":{"line":87,"column":4},"end":{"line":89,"column":5}},"type":"if","locations":[{"start":{"line":87,"column":4},"end":{"line":89,"column":5}},{"start":{},"end":{}}]},"7":{"loc":{"start":{"line":94,"column":34},"end":{"line":94,"column":65}},"type":"default-arg","locations":[{"start":{"line":94,"column":55},"end":{"line":94,"column":65}}]}},"s":{"0":1,"1":1,"2":15,"3":15,"4":15,"5":107,"6":107,"7":107,"8":127,"9":516,"10":107,"11":107,"12":42,"13":42,"14":1,"15":41,"16":41,"17":29,"18":29,"19":7,"20":22,"21":36,"22":1,"23":1,"24":1},"f":{"0":15,"1":107,"2":127,"3":516,"4":42,"5":29,"6":36,"7":1},"b":{"0":[14],"1":[15],"2":[107,14],"3":[0],"4":[1,41],"5":[23],"6":[7,22],"7":[16]}}
}
