TN:
SF:src/api/message/services/assainissement.ts
FN:44,normaliser
FN:56,assainir
FN:70,validerMessage
FN:109,estRobot
FNF:4
FNH:4
FNDA:89,normaliser
FNDA:42,assainir
FNDA:13,validerMessage
FNDA:4,estRobot
DA:13,1
DA:20,1
DA:25,1
DA:44,1
DA:45,89
DA:56,1
DA:57,42
DA:70,1
DA:71,13
DA:73,13
DA:74,13
DA:75,13
DA:77,13
DA:78,3
DA:79,10
DA:80,1
DA:83,13
DA:84,3
DA:85,10
DA:86,0
DA:89,13
DA:90,2
DA:91,11
DA:92,3
DA:95,13
DA:109,1
DA:110,4
LF:27
LH:26
BRDA:45,0,0,89
BRDA:45,0,1,6
BRDA:77,1,0,3
BRDA:77,1,1,10
BRDA:79,2,0,1
BRDA:79,2,1,9
BRDA:83,3,0,3
BRDA:83,3,1,10
BRDA:85,4,0,0
BRDA:85,4,1,10
BRDA:89,5,0,2
BRDA:89,5,1,11
BRDA:91,6,0,3
BRDA:91,6,1,8
BRF:14
BRH:13
end_of_record
TN:
SF:src/api/message/services/limiteur.ts
FN:51,(anonymous_0)
FN:57,(anonymous_1)
FN:61,(anonymous_2)
FN:62,(anonymous_3)
FN:72,(anonymous_4)
FN:85,(anonymous_5)
FN:94,(anonymous_6)
FN:99,(anonymous_7)
FNF:8
FNH:8
FNDA:15,(anonymous_0)
FNDA:107,(anonymous_1)
FNDA:127,(anonymous_2)
FNDA:516,(anonymous_3)
FNDA:42,(anonymous_4)
FNDA:29,(anonymous_5)
FNDA:36,(anonymous_6)
FNDA:1,(anonymous_7)
DA:22,1
DA:30,1
DA:48,1
DA:49,15
DA:52,15
DA:53,15
DA:58,107
DA:59,107
DA:60,107
DA:61,127
DA:62,516
DA:64,107
DA:65,107
DA:73,42
DA:74,42
DA:75,1
DA:77,41
DA:78,41
DA:86,29
DA:87,29
DA:88,7
DA:90,22
DA:95,36
DA:100,1
DA:105,1
LF:25
LH:25
BRDA:52,0,0,14
BRDA:53,1,0,15
BRDA:59,2,0,107
BRDA:59,2,1,14
BRDA:72,3,0,0
BRDA:74,4,0,1
BRDA:74,4,1,41
BRDA:85,5,0,23
BRDA:87,6,0,7
BRDA:87,6,1,22
BRDA:94,7,0,16
BRF:11
BRH:10
end_of_record
